0 info it worked if it ends with ok
1 verbose cli [ 'C:\\Program Files\\nodejs\\node.exe',
1 verbose cli   'C:\\Program Files\\nodejs\\node_modules\\npm\\bin\\npm-cli.js',
1 verbose cli   'run',
1 verbose cli   'server' ]
2 info using npm@3.10.9
3 info using node@v7.1.0
4 verbose run-script [ 'preserver', 'server', 'postserver' ]
5 info lifecycle gestione-orari@1.0.0~preserver: gestione-orari@1.0.0
6 silly lifecycle gestione-orari@1.0.0~preserver: no script for preserver, continuing
7 info lifecycle gestione-orari@1.0.0~server: gestione-orari@1.0.0
8 verbose lifecycle gestione-orari@1.0.0~server: unsafe-perm in lifecycle true
9 verbose lifecycle gestione-orari@1.0.0~server: PATH: C:\Program Files\nodejs\node_modules\npm\bin\node-gyp-bin;C:\Users\Sergi\Desktop\Progetto Ingenieria del software\progetto-gestioneorari-2-ovrclockz\gestione-orari\node_modules\.bin;C:\Program Files\Git\mingw64\bin;C:\Program Files\Git\usr\bin;C:\Users\Sergi\bin;C:\ProgramData\Oracle\Java\javapath;C:\Program Files (x86)\NVIDIA Corporation\PhysX\Common;C:\WINDOWS\system32;C:\WINDOWS;C:\WINDOWS\System32\Wbem;C:\WINDOWS\System32\WindowsPowerShell\v1.0;C:\Program Files\Git\cmd;C:\Program Files\nodejs;C:\Program Files\OpenVPN\bin;C:\xampp1\php;C:\Users\Sergi\AppData\Roaming\npm;C:\Program Files\Microsoft VS Code\bin;C:\Users\Sergi\AppData\Local\Microsoft\WindowsApps;C:\Users\Sergi\Desktop\Progetto Ingenieria del software\progetto-gestioneorari-2-ovrclockz\php-win
10 verbose lifecycle gestione-orari@1.0.0~server: CWD: C:\Users\Sergi\Desktop\Progetto Ingenieria del software\progetto-gestioneorari-2-ovrclockz\gestione-orari
11 silly lifecycle gestione-orari@1.0.0~server: Args: [ '/d /s /c', 'nodemon ./build/app.js' ]
12 silly lifecycle gestione-orari@1.0.0~server: Returned: code: 3221225786  signal: null
13 info lifecycle gestione-orari@1.0.0~server: Failed to exec server script
14 verbose stack Error: gestione-orari@1.0.0 server: `nodemon ./build/app.js`
14 verbose stack Exit status 3221225786
14 verbose stack     at EventEmitter.<anonymous> (C:\Program Files\nodejs\node_modules\npm\lib\utils\lifecycle.js:255:16)
14 verbose stack     at emitTwo (events.js:106:13)
14 verbose stack     at EventEmitter.emit (events.js:191:7)
14 verbose stack     at ChildProcess.<anonymous> (C:\Program Files\nodejs\node_modules\npm\lib\utils\spawn.js:40:14)
14 verbose stack     at emitTwo (events.js:106:13)
14 verbose stack     at ChildProcess.emit (events.js:191:7)
14 verbose stack     at maybeClose (internal/child_process.js:885:16)
14 verbose stack     at Process.ChildProcess._handle.onexit (internal/child_process.js:226:5)
15 verbose pkgid gestione-orari@1.0.0
16 verbose cwd C:\Users\Sergi\Desktop\Progetto Ingenieria del software\progetto-gestioneorari-2-ovrclockz\gestione-orari
17 error Windows_NT 10.0.14393
18 error argv "C:\\Program Files\\nodejs\\node.exe" "C:\\Program Files\\nodejs\\node_modules\\npm\\bin\\npm-cli.js" "run" "server"
19 error node v7.1.0
20 error npm  v3.10.9
21 error code ELIFECYCLE
22 error gestione-orari@1.0.0 server: `nodemon ./build/app.js`
22 error Exit status 3221225786
23 error Failed at the gestione-orari@1.0.0 server script 'nodemon ./build/app.js'.
23 error Make sure you have the latest version of node.js and npm installed.
23 error If you do, this is most likely a problem with the gestione-orari package,
23 error not with npm itself.
23 error Tell the author that this fails on your system:
23 error     nodemon ./build/app.js
23 error You can get information on how to open an issue for this project with:
23 error     npm bugs gestione-orari
23 error Or if that isn't available, you can get their info via:
23 error     npm owner ls gestione-orari
23 error There is likely additional logging output above.
24 verbose exit [ 1, true ]
